<?xml version="1.0" encoding="UTF-8"?>
<testng-results skipped="0" failed="0" ignored="0" total="1" passed="1">
  <reporter-output>
  </reporter-output>
  <suite name="Default suite" duration-ms="5207" started-at="2019-11-21T11:08:21 IST" finished-at="2019-11-21T11:08:27 IST">
    <groups>
    </groups>
    <test name="Default test" duration-ms="5207" started-at="2019-11-21T11:08:21 IST" finished-at="2019-11-21T11:08:27 IST">
      <class name="FirstGetTest">
        <test-method status="PASS" signature="getWeatherDetails()[pri:0, instance:FirstGetTest@6f1fba17]" name="getWeatherDetails" duration-ms="5131" started-at="2019-11-21T11:08:21 IST" finished-at="2019-11-21T11:08:27 IST">
          <reporter-output>
          </reporter-output>
        </test-method> <!-- getWeatherDetails -->
      </class> <!-- FirstGetTest -->
    </test> <!-- Default test -->
  </suite> <!-- Default suite -->
</testng-results>
